<?xml version="1.0" encoding="UTF-8"?>
<!-- Generated by org.testng.reporters.JUnitReportReporter -->
<testsuite hostname="DESKTOP-AHJ7FPI" failures="0" tests="1" name="com.fest.TechFest" time="5.895" errors="0" timestamp="2025-02-06T22:55:54 IST" skipped="0">
  <testcase classname="com.fest.TechFest" name="event" time="5.895"/>
</testsuite> <!-- com.fest.TechFest -->
